<?xml version="1.0" encoding="UTF-8"?>
<!-- Generated by org.testng.reporters.JUnitReportReporter -->
<testsuite hostname="TULASI-Desktop" failures="0" tests="1" name="testCases.TC_001_AccountRegistrationTest" time="10.146" errors="0" timestamp="2023-02-28T08:26:58 EST" skipped="0">
  <testcase classname="testCases.TC_001_AccountRegistrationTest" name="test_account_Registration" time="10.146"/>
  <system-out/>
</testsuite> <!-- testCases.TC_001_AccountRegistrationTest -->
