<?xml version="1.0" encoding="UTF-8"?>
<!-- Generated by org.testng.reporters.JUnitReportReporter -->
<testsuite hostname="TULASI-Desktop" failures="0" tests="1" name="testCases.TC_001_AccountRegistrationTest" time="2.592" errors="0" timestamp="2023-02-28T15:00:58 EST" skipped="0">
  <testcase classname="testCases.TC_001_AccountRegistrationTest" name="test_account_Registration" time="2.592"/>
  <system-out/>
</testsuite> <!-- testCases.TC_001_AccountRegistrationTest -->
